Traceback (most recent call last):
  File "D:\es_order\.venv\Lib\site-packages\django\db\backends\base\base.py", line 279, in ensure_connection
    self.connect()
    ~~~~~~~~~~~~^^
  File "D:\es_order\.venv\Lib\site-packages\django\utils\asyncio.py", line 26, in inner
    return func(*args, **kwargs)
  File "D:\es_order\.venv\Lib\site-packages\django\db\backends\base\base.py", line 256, in connect
    self.connection = self.get_new_connection(conn_params)
                      ~~~~~~~~~~~~~~~~~~~~~~~^^^^^^^^^^^^^
  File "D:\es_order\.venv\Lib\site-packages\django\utils\asyncio.py", line 26, in inner
    return func(*args, **kwargs)
  File "D:\es_order\.venv\Lib\site-packages\django\db\backends\sqlite3\base.py", line 207, in get_new_connection
    register_functions(conn)
    ~~~~~~~~~~~~~~~~~~^^^^^^
  File "D:\es_order\.venv\Lib\site-packages\django\db\backends\sqlite3\_functions.py", line 85, in register
    if not connection.execute(sql).fetchone()[0]:
           ~~~~~~~~~~~~~~~~~~^^^^^
sqlite3.OperationalError: disk I/O error

The above exception was the direct cause of the following exception:

Traceback (most recent call last):
  File "D:\es_order\manage.py", line 11, in <module>
    main()
    ~~~~^^
  File "D:\es_order\manage.py", line 8, in main
    execute_from_command_line(sys.argv)
    ~~~~~~~~~~~~~~~~~~~~~~~~~^^^^^^^^^^
  File "D:\es_order\.venv\Lib\site-packages\django\core\management\__init__.py", line 442, in execute_from_command_line
    utility.execute()
    ~~~~~~~~~~~~~~~^^
  File "D:\es_order\.venv\Lib\site-packages\django\core\management\__init__.py", line 436, in execute
    self.fetch_command(subcommand).run_from_argv(self.argv)
    ~~~~~~~~~~~~~~~~~~~~~~~~~~~~~~~~~~~~~~~~~~~~^^^^^^^^^^^
  File "D:\es_order\.venv\Lib\site-packages\django\core\management\base.py", line 420, in run_from_argv
    self.execute(*args, **cmd_options)
    ~~~~~~~~~~~~^^^^^^^^^^^^^^^^^^^^^^
  File "D:\es_order\.venv\Lib\site-packages\django\core\management\commands\runserver.py", line 69, in execute
    super().execute(*args, **options)
    ~~~~~~~~~~~~~~~^^^^^^^^^^^^^^^^^^
  File "D:\es_order\.venv\Lib\site-packages\django\core\management\base.py", line 464, in execute
    output = self.handle(*args, **options)
  File "D:\es_order\.venv\Lib\site-packages\django\core\management\commands\runserver.py", line 110, in handle
    self.run(**options)
    ~~~~~~~~^^^^^^^^^^^
  File "D:\es_order\.venv\Lib\site-packages\django\core\management\commands\runserver.py", line 119, in run
    self.inner_run(None, **options)
    ~~~~~~~~~~~~~~^^^^^^^^^^^^^^^^^
  File "D:\es_order\.venv\Lib\site-packages\django\core\management\commands\runserver.py", line 137, in inner_run
    self.check_migrations()
    ~~~~~~~~~~~~~~~~~~~~~^^
  File "D:\es_order\.venv\Lib\site-packages\django\core\management\base.py", line 591, in check_migrations
    executor = MigrationExecutor(connections[DEFAULT_DB_ALIAS])
  File "D:\es_order\.venv\Lib\site-packages\django\db\migrations\executor.py", line 18, in __init__
    self.loader = MigrationLoader(self.connection)
                  ~~~~~~~~~~~~~~~^^^^^^^^^^^^^^^^^
  File "D:\es_order\.venv\Lib\site-packages\django\db\migrations\loader.py", line 58, in __init__
    self.build_graph()
    ~~~~~~~~~~~~~~~~^^
  File "D:\es_order\.venv\Lib\site-packages\django\db\migrations\loader.py", line 235, in build_graph
    self.applied_migrations = recorder.applied_migrations()
                              ~~~~~~~~~~~~~~~~~~~~~~~~~~~^^
  File "D:\es_order\.venv\Lib\site-packages\django\db\migrations\recorder.py", line 89, in applied_migrations
    if self.has_table():
       ~~~~~~~~~~~~~~^^
  File "D:\es_order\.venv\Lib\site-packages\django\db\migrations\recorder.py", line 63, in has_table
    with self.connection.cursor() as cursor:
         ~~~~~~~~~~~~~~~~~~~~~~^^
  File "D:\es_order\.venv\Lib\site-packages\django\utils\asyncio.py", line 26, in inner
    return func(*args, **kwargs)
  File "D:\es_order\.venv\Lib\site-packages\django\db\backends\base\base.py", line 320, in cursor
    return self._cursor()
           ~~~~~~~~~~~~^^
  File "D:\es_order\.venv\Lib\site-packages\django\db\backends\base\base.py", line 296, in _cursor
    self.ensure_connection()
    ~~~~~~~~~~~~~~~~~~~~~~^^
  File "D:\es_order\.venv\Lib\site-packages\django\utils\asyncio.py", line 26, in inner
    return func(*args, **kwargs)
  File "D:\es_order\.venv\Lib\site-packages\django\db\backends\base\base.py", line 278, in ensure_connection
    with self.wrap_database_errors:
         ^^^^^^^^^^^^^^^^^^^^^^^^^
  File "D:\es_order\.venv\Lib\site-packages\django\db\utils.py", line 91, in __exit__
    raise dj_exc_value.with_traceback(traceback) from exc_value
  File "D:\es_order\.venv\Lib\site-packages\django\db\backends\base\base.py", line 279, in ensure_connection
    self.connect()
    ~~~~~~~~~~~~^^
  File "D:\es_order\.venv\Lib\site-packages\django\utils\asyncio.py", line 26, in inner
    return func(*args, **kwargs)
  File "D:\es_order\.venv\Lib\site-packages\django\db\backends\base\base.py", line 256, in connect
    self.connection = self.get_new_connection(conn_params)
                      ~~~~~~~~~~~~~~~~~~~~~~~^^^^^^^^^^^^^
  File "D:\es_order\.venv\Lib\site-packages\django\utils\asyncio.py", line 26, in inner
    return func(*args, **kwargs)
  File "D:\es_order\.venv\Lib\site-packages\django\db\backends\sqlite3\base.py", line 207, in get_new_connection
    register_functions(conn)
    ~~~~~~~~~~~~~~~~~~^^^^^^
  File "D:\es_order\.venv\Lib\site-packages\django\db\backends\sqlite3\_functions.py", line 85, in register
    if not connection.execute(sql).fetchone()[0]:
           ~~~~~~~~~~~~~~~~~~^^^^^
django.db.utils.OperationalError: disk I/O error
